# JRE version: OpenJDK Runtime Environment Microsoft-8035246 (17.0.8+7) (build 17.0.8+7-LTS)
# Java VM: OpenJDK 64-Bit Server VM Microsoft-8035246 (17.0.8+7-LTS, mixed mode, sharing, tiered, compressed oops, compressed class ptrs, g1 gc, windows-amd64)
GC Precious Log:
 CPUs: 4 total, 4 available
 Memory: 14265M
 Large Page Support: Disabled
 NUMA Support: Disabled
 Compressed Oops: Enabled (32-bit)
 Heap Region Size: 1M
 Heap Min Capacity: 8M
 Heap Initial Capacity: 224M
 Heap Max Capacity: 2G
 Pre-touch: Disabled
 Parallel Workers: 4
 Concurrent Workers: 1
 Concurrent Refinement Workers: 4
 Periodic GC: Disabled
Heap:
 garbage-first heap   total 196608K, used 167313K [0x0000000080000000, 0x0000000100000000)
  region size 1024K, 15 young (15360K), 3 survivors (3072K)
 Metaspace       used 101295K, committed 102272K, reserved 557056K
  class space    used 13999K, committed 14464K, reserved 425984K
GC Heap History (20 events):
Event: 199.914 GC heap before
{Heap before GC invocations=64 (full 0):
 garbage-first heap   total 196608K, used 160862K [0x0000000080000000, 0x0000000100000000)
  region size 1024K, 28 young (28672K), 2 survivors (2048K)
 Metaspace       used 95839K, committed 96768K, reserved 557056K
  class space    used 13402K, committed 13824K, reserved 425984K
}
Event: 199.919 GC heap after
{Heap after GC invocations=65 (full 0):
 garbage-first heap   total 196608K, used 136443K [0x0000000080000000, 0x0000000100000000)
  region size 1024K, 3 young (3072K), 3 survivors (3072K)
 Metaspace       used 95839K, committed 96768K, reserved 557056K
  class space    used 13402K, committed 13824K, reserved 425984K
}
Event: 204.370 GC heap before
{Heap before GC invocations=65 (full 0):
 garbage-first heap   total 196608K, used 164091K [0x0000000080000000, 0x0000000100000000)
  region size 1024K, 30 young (30720K), 3 survivors (3072K)
 Metaspace       used 96901K, committed 97856K, reserved 557056K
  class space    used 13551K, committed 14016K, reserved 425984K
}
Event: 204.380 GC heap after
{Heap after GC invocations=66 (full 0):
 garbage-first heap   total 196608K, used 139407K [0x0000000080000000, 0x0000000100000000)
  region size 1024K, 4 young (4096K), 4 survivors (4096K)
 Metaspace       used 96901K, committed 97856K, reserved 557056K
  class space    used 13551K, committed 14016K, reserved 425984K
}
Event: 205.056 GC heap before
{Heap before GC invocations=66 (full 0):
 garbage-first heap   total 196608K, used 165007K [0x0000000080000000, 0x0000000100000000)
  region size 1024K, 29 young (29696K), 4 survivors (4096K)
 Metaspace       used 97758K, committed 98688K, reserved 557056K
  class space    used 13651K, committed 14080K, reserved 425984K
}
Event: 205.070 GC heap after
{Heap after GC invocations=67 (full 0):
 garbage-first heap   total 196608K, used 142316K [0x0000000080000000, 0x0000000100000000)
  region size 1024K, 4 young (4096K), 4 survivors (4096K)
 Metaspace       used 97758K, committed 98688K, reserved 557056K
  class space    used 13651K, committed 14080K, reserved 425984K
}
Event: 206.129 GC heap before
{Heap before GC invocations=67 (full 0):
 garbage-first heap   total 196608K, used 165868K [0x0000000080000000, 0x0000000100000000)
  region size 1024K, 27 young (27648K), 4 survivors (4096K)
 Metaspace       used 97881K, committed 98816K, reserved 557056K
  class space    used 13653K, committed 14080K, reserved 425984K
}
Event: 206.138 GC heap after
{Heap after GC invocations=68 (full 0):
 garbage-first heap   total 196608K, used 144537K [0x0000000080000000, 0x0000000100000000)
  region size 1024K, 3 young (3072K), 3 survivors (3072K)
 Metaspace       used 97881K, committed 98816K, reserved 557056K
  class space    used 13653K, committed 14080K, reserved 425984K
}
Event: 206.838 GC heap before
{Heap before GC invocations=68 (full 0):
 garbage-first heap   total 196608K, used 167065K [0x0000000080000000, 0x0000000100000000)
  region size 1024K, 25 young (25600K), 3 survivors (3072K)
 Metaspace       used 98311K, committed 99200K, reserved 557056K
  class space    used 13702K, committed 14144K, reserved 425984K
}
Event: 206.846 GC heap after
{Heap after GC invocations=69 (full 0):
 garbage-first heap   total 196608K, used 147425K [0x0000000080000000, 0x0000000100000000)
  region size 1024K, 3 young (3072K), 3 survivors (3072K)
 Metaspace       used 98311K, committed 99200K, reserved 557056K
  class space    used 13702K, committed 14144K, reserved 425984K
}
Event: 208.512 GC heap before
{Heap before GC invocations=69 (full 0):
 garbage-first heap   total 196608K, used 172001K [0x0000000080000000, 0x0000000100000000)
  region size 1024K, 23 young (23552K), 3 survivors (3072K)
 Metaspace       used 100089K, committed 101120K, reserved 557056K
  class space    used 13844K, committed 14336K, reserved 425984K
}
Event: 208.520 GC heap after
{Heap after GC invocations=70 (full 0):
 garbage-first heap   total 196608K, used 150528K [0x0000000080000000, 0x0000000100000000)
  region size 1024K, 3 young (3072K), 3 survivors (3072K)
 Metaspace       used 100089K, committed 101120K, reserved 557056K
  class space    used 13844K, committed 14336K, reserved 425984K
}
Event: 210.061 GC heap before
{Heap before GC invocations=70 (full 0):
 garbage-first heap   total 196608K, used 168960K [0x0000000080000000, 0x0000000100000000)
  region size 1024K, 21 young (21504K), 3 survivors (3072K)
 Metaspace       used 100498K, committed 101440K, reserved 557056K
  class space    used 13894K, committed 14336K, reserved 425984K
}
Event: 210.067 GC heap after
{Heap after GC invocations=71 (full 0):
 garbage-first heap   total 196608K, used 151827K [0x0000000080000000, 0x0000000100000000)
  region size 1024K, 2 young (2048K), 2 survivors (2048K)
 Metaspace       used 100498K, committed 101440K, reserved 557056K
  class space    used 13894K, committed 14336K, reserved 425984K
}
Event: 210.930 GC heap before
{Heap before GC invocations=71 (full 0):
 garbage-first heap   total 196608K, used 168211K [0x0000000080000000, 0x0000000100000000)
  region size 1024K, 19 young (19456K), 2 survivors (2048K)
 Metaspace       used 100719K, committed 101632K, reserved 557056K
  class space    used 13901K, committed 14336K, reserved 425984K
}
Event: 210.935 GC heap after
{Heap after GC invocations=72 (full 0):
 garbage-first heap   total 196608K, used 152369K [0x0000000080000000, 0x0000000100000000)
  region size 1024K, 2 young (2048K), 2 survivors (2048K)
 Metaspace       used 100719K, committed 101632K, reserved 557056K
  class space    used 13901K, committed 14336K, reserved 425984K
}
Event: 212.234 GC heap before
{Heap before GC invocations=72 (full 0):
 garbage-first heap   total 196608K, used 169777K [0x0000000080000000, 0x0000000100000000)
  region size 1024K, 20 young (20480K), 2 survivors (2048K)
 Metaspace       used 101236K, committed 102208K, reserved 557056K
  class space    used 13995K, committed 14464K, reserved 425984K
}
Event: 212.239 GC heap after
{Heap after GC invocations=73 (full 0):
 garbage-first heap   total 196608K, used 153211K [0x0000000080000000, 0x0000000100000000)
  region size 1024K, 2 young (2048K), 2 survivors (2048K)
 Metaspace       used 101236K, committed 102208K, reserved 557056K
  class space    used 13995K, committed 14464K, reserved 425984K
}
Event: 214.203 GC heap before
{Heap before GC invocations=73 (full 0):
 garbage-first heap   total 196608K, used 169595K [0x0000000080000000, 0x0000000100000000)
  region size 1024K, 19 young (19456K), 2 survivors (2048K)
 Metaspace       used 101294K, committed 102272K, reserved 557056K
  class space    used 13999K, committed 14464K, reserved 425984K
}
Event: 214.209 GC heap after
{Heap after GC invocations=74 (full 0):
 garbage-first heap   total 196608K, used 156049K [0x0000000080000000, 0x0000000100000000)
  region size 1024K, 3 young (3072K), 3 survivors (3072K)
 Metaspace       used 101294K, committed 102272K, reserved 557056K
  class space    used 13999K, committed 14464K, reserved 425984K
}

